[debug] [2019-12-13T19:42:11.262Z] ----------------------------------------------------------------------
[debug] [2019-12-13T19:42:11.265Z] Command:       /home/laboratoria/.nvm/versions/node/v10.16.3/bin/node /home/laboratoria/.nvm/versions/node/v10.16.3/bin/firebase log
[debug] [2019-12-13T19:42:11.266Z] CLI Version:   7.10.0
[debug] [2019-12-13T19:42:11.266Z] Platform:      linux
[debug] [2019-12-13T19:42:11.266Z] Node Version:  v10.16.3
[debug] [2019-12-13T19:42:11.266Z] Time:          Fri Dec 13 2019 17:42:11 GMT-0200 (Brasilia Summer Time)
[debug] [2019-12-13T19:42:11.267Z] ----------------------------------------------------------------------
[debug] [2019-12-13T19:42:11.267Z] 
[error] Error: [object Object] is not a Firebase command
[debug] [2019-12-13T19:42:11.275Z] TypeError: str.toLowerCase is not a function
    at didYouMean (/home/laboratoria/.nvm/versions/node/v10.16.3/lib/node_modules/firebase-tools/node_modules/didyoumean/didYouMean-1.2.1.js:147:48)
    at suggestCommands (/home/laboratoria/.nvm/versions/node/v10.16.3/lib/node_modules/firebase-tools/lib/index.js:28:22)
    at Command.<anonymous> (/home/laboratoria/.nvm/versions/node/v10.16.3/lib/node_modules/firebase-tools/lib/index.js:57:14)
    at Command.listener (/home/laboratoria/.nvm/versions/node/v10.16.3/lib/node_modules/firebase-tools/node_modules/commander/index.js:360:8)
    at Command.emit (events.js:198:13)
    at Command.EventEmitter.emit (domain.js:448:20)
    at Command.parseArgs (/home/laboratoria/.nvm/versions/node/v10.16.3/lib/node_modules/firebase-tools/node_modules/commander/index.js:801:12)
    at Command.parse (/home/laboratoria/.nvm/versions/node/v10.16.3/lib/node_modules/firebase-tools/node_modules/commander/index.js:563:21)
    at Object.<anonymous> (/home/laboratoria/.nvm/versions/node/v10.16.3/lib/node_modules/firebase-tools/lib/bin/firebase.js:98:22)
    at Module._compile (internal/modules/cjs/loader.js:778:30)
    at Object.Module._extensions..js (internal/modules/cjs/loader.js:789:10)
    at Module.load (internal/modules/cjs/loader.js:653:32)
    at tryModuleLoad (internal/modules/cjs/loader.js:593:12)
    at Function.Module._load (internal/modules/cjs/loader.js:585:3)
    at Function.Module.runMain (internal/modules/cjs/loader.js:831:12)
    at startup (internal/bootstrap/node.js:283:19)
[error] 
[error] Error: An unexpected error has occurred.
[debug] [2019-12-13T19:42:35.958Z] ----------------------------------------------------------------------
[debug] [2019-12-13T19:42:35.961Z] Command:       /home/laboratoria/.nvm/versions/node/v10.16.3/bin/node /home/laboratoria/.nvm/versions/node/v10.16.3/bin/firebase log
[debug] [2019-12-13T19:42:35.961Z] CLI Version:   7.10.0
[debug] [2019-12-13T19:42:35.961Z] Platform:      linux
[debug] [2019-12-13T19:42:35.961Z] Node Version:  v10.16.3
[debug] [2019-12-13T19:42:35.962Z] Time:          Fri Dec 13 2019 17:42:35 GMT-0200 (Brasilia Summer Time)
[debug] [2019-12-13T19:42:35.962Z] ----------------------------------------------------------------------
[debug] [2019-12-13T19:42:35.962Z] 
[error] Error: [object Object] is not a Firebase command
[debug] [2019-12-13T19:42:35.971Z] TypeError: str.toLowerCase is not a function
    at didYouMean (/home/laboratoria/.nvm/versions/node/v10.16.3/lib/node_modules/firebase-tools/node_modules/didyoumean/didYouMean-1.2.1.js:147:48)
    at suggestCommands (/home/laboratoria/.nvm/versions/node/v10.16.3/lib/node_modules/firebase-tools/lib/index.js:28:22)
    at Command.<anonymous> (/home/laboratoria/.nvm/versions/node/v10.16.3/lib/node_modules/firebase-tools/lib/index.js:57:14)
    at Command.listener (/home/laboratoria/.nvm/versions/node/v10.16.3/lib/node_modules/firebase-tools/node_modules/commander/index.js:360:8)
    at Command.emit (events.js:198:13)
    at Command.EventEmitter.emit (domain.js:448:20)
    at Command.parseArgs (/home/laboratoria/.nvm/versions/node/v10.16.3/lib/node_modules/firebase-tools/node_modules/commander/index.js:801:12)
    at Command.parse (/home/laboratoria/.nvm/versions/node/v10.16.3/lib/node_modules/firebase-tools/node_modules/commander/index.js:563:21)
    at Object.<anonymous> (/home/laboratoria/.nvm/versions/node/v10.16.3/lib/node_modules/firebase-tools/lib/bin/firebase.js:98:22)
    at Module._compile (internal/modules/cjs/loader.js:778:30)
    at Object.Module._extensions..js (internal/modules/cjs/loader.js:789:10)
    at Module.load (internal/modules/cjs/loader.js:653:32)
    at tryModuleLoad (internal/modules/cjs/loader.js:593:12)
    at Function.Module._load (internal/modules/cjs/loader.js:585:3)
    at Function.Module.runMain (internal/modules/cjs/loader.js:831:12)
    at startup (internal/bootstrap/node.js:283:19)
[error] 
[error] Error: An unexpected error has occurred.
